<?xml version="1.0" encoding="UTF-8"?>
<testsuite xmlns:xsi="http://www.w3.org/2001/XMLSchema-instance" xsi:noNamespaceSchemaLocation="https://maven.apache.org/surefire/maven-surefire-plugin/xsd/surefire-test-report.xsd" name="com.bjj.mall.crawler.AdvancedCrawlerServiceTest" time="8.327" tests="2" errors="0" skipped="0" failures="0">
  <properties>
[...]
</properties>
  <testcase name="testDataCleaning" classname="com.bjj.mall.crawler.AdvancedCrawlerServiceTest" time="0.245"/>
  <testcase name="testCrawlProducts" classname="com.bjj.mall.crawler.AdvancedCrawlerServiceTest" time="0.082"/>
</testsuite>